2024-06-21 18:30:00,087 [1] INFO  TourPlanner.App - Application started.
2024-06-21 18:53:41,866 [1] ERROR TourPlanner.App - System.InvalidOperationException: Database connection has not been opened.
   at TourPlanner.Persistence.Utils.DatabaseManager.CheckDbConnection() in C:\Users\anste\Documents\Informatik_Bachelor_2022-2025\Informatik-4.SemesterSS24\SWEN2\tour_planer_da\TourPlanner\Persistence\Utils\DatabaseManager.cs:line 42
   at TourPlanner.App.OnStartup(StartupEventArgs e) in C:\Users\anste\Documents\Informatik_Bachelor_2022-2025\Informatik-4.SemesterSS24\SWEN2\tour_planer_da\TourPlanner\App.xaml.cs:line 36
2024-06-21 18:53:42,037 [1] INFO  TourPlanner.App - Application started.
2024-06-21 18:59:41,450 [1] INFO  TourPlanner.App - Application started.
2024-06-21 19:03:32,811 [1] INFO  TourPlanner.App - Application started.
2024-06-21 19:04:25,440 [1] INFO  TourPlanner.App - Application started.
2024-06-21 19:14:17,576 [1] INFO  TourPlanner.App - Application started.
2024-06-21 19:21:44,395 [1] INFO  TourPlanner.App - Application started.
2024-06-21 19:25:39,605 [1] INFO  TourPlanner.App - Application started.
2024-06-21 19:31:55,543 [1] INFO  TourPlanner.App - Application started.
2024-06-21 19:31:55,896 [1] ERROR TourPlanner.ViewModels.TourListControlViewModel - Error connecting to database.
2024-06-21 19:31:55,965 [1] ERROR TourPlanner.ViewModels.TourListControlViewModel - Error connecting to database.
2024-06-21 19:31:56,212 [1] INFO  TourPlanner.App - Application exited.
2024-06-21 19:35:50,151 [1] INFO  TourPlanner.App - Application started.
2024-06-21 19:35:50,530 [1] ERROR TourPlanner.ViewModels.TourListControlViewModel - Error connecting to database.
2024-06-21 19:35:50,610 [1] ERROR TourPlanner.ViewModels.TourListControlViewModel - Error connecting to database.
2024-06-21 19:35:50,912 [1] INFO  TourPlanner.App - Application exited.
2024-06-21 19:36:50,898 [1] INFO  TourPlanner.App - Application started.
2024-06-21 19:36:51,266 [1] ERROR TourPlanner.ViewModels.TourListControlViewModel - Error connecting to database.
2024-06-21 19:36:51,334 [1] ERROR TourPlanner.ViewModels.TourListControlViewModel - Error connecting to database.
2024-06-21 19:36:51,577 [1] INFO  TourPlanner.App - Application exited.
2024-06-21 19:37:23,752 [1] INFO  TourPlanner.App - Application started.
2024-06-21 19:37:24,311 [1] ERROR TourPlanner.ViewModels.TourListControlViewModel - Error connecting to database.
2024-06-21 19:37:24,382 [1] ERROR TourPlanner.ViewModels.TourListControlViewModel - Error connecting to database.
2024-06-21 19:37:30,250 [1] INFO  TourPlanner.App - Application exited.
2024-06-21 19:39:44,023 [1] INFO  TourPlanner.App - Application started.
2024-06-21 19:39:45,547 [1] ERROR TourPlanner.ViewModels.TourListControlViewModel - Error connecting to database.
2024-06-21 19:39:45,597 [1] ERROR TourPlanner.ViewModels.TourListControlViewModel - Error connecting to database.
2024-06-21 19:39:50,354 [1] INFO  TourPlanner.App - Application exited.
2024-06-21 19:40:27,875 [1] INFO  TourPlanner.App - Application started.
2024-06-21 19:42:07,910 [1] INFO  TourPlanner.App - Application started.
2024-06-21 19:49:15,067 [1] INFO  TourPlanner.App - Application started.
2024-06-21 19:51:21,824 [1] INFO  TourPlanner.App - Application started.
2024-06-21 19:52:44,504 [1] INFO  TourPlanner.App - Application started.
2024-06-21 19:58:57,873 [1] INFO  TourPlanner.App - Application started.
2024-06-21 20:00:40,004 [1] INFO  TourPlanner.App - Application started.
2024-06-21 20:12:43,002 [1] INFO  TourPlanner.App - Application started.
2024-06-21 20:14:29,531 [1] INFO  TourPlanner.App - Application started.
2024-06-21 20:16:00,511 [1] INFO  TourPlanner.App - Application started.
2024-06-21 20:25:13,732 [1] INFO  TourPlanner.App - Application started.
2024-06-21 20:26:19,279 [1] INFO  TourPlanner.App - Application started.
2024-06-21 20:28:14,302 [1] INFO  TourPlanner.App - Application started.
2024-06-21 20:30:43,446 [1] INFO  TourPlanner.App - Application started.
2024-06-21 20:35:28,091 [1] INFO  TourPlanner.App - Application started.
2024-06-21 21:23:32,360 [1] INFO  TourPlanner.App - Application started.
2024-06-21 21:23:34,983 [1] ERROR TourPlanner.ViewModels.TourListControlViewModel - Error connecting to database.
2024-06-21 21:23:37,088 [1] ERROR TourPlanner.ViewModels.TourListControlViewModel - Error connecting to database.
2024-06-21 21:23:40,109 [1] INFO  TourPlanner.App - Application exited.
2024-06-21 21:28:39,089 [1] INFO  TourPlanner.App - Application started.
2024-06-21 21:28:41,421 [1] ERROR TourPlanner.ViewModels.TourListControlViewModel - Error connecting to database.
2024-06-21 21:28:43,529 [1] ERROR TourPlanner.ViewModels.TourListControlViewModel - Error connecting to database.
2024-06-21 21:28:43,735 [1] INFO  TourPlanner.App - Application exited.
2024-06-21 21:43:34,841 [1] INFO  TourPlanner.App - Application started.
2024-06-21 21:43:37,184 [1] ERROR TourPlanner.ViewModels.TourListControlViewModel - Error connecting to database.
2024-06-21 21:43:39,289 [1] ERROR TourPlanner.ViewModels.TourListControlViewModel - Error connecting to database.
2024-06-21 21:43:39,488 [1] INFO  TourPlanner.App - Application exited.
2024-06-21 21:45:20,051 [1] INFO  TourPlanner.App - Application started.
2024-06-21 21:45:28,955 [1] INFO  TourPlanner.App - Application exited.
2024-06-21 21:51:52,073 [1] INFO  TourPlanner.App - Application started.
2024-06-21 21:52:13,897 [1] INFO  TourPlanner.App - Application exited.
2024-06-21 22:25:46,121 [1] INFO  TourPlanner.App - Application started.
2024-06-21 22:26:56,722 [1] INFO  TourPlanner.App - Application started.
2024-06-21 22:27:20,562 [1] INFO  TourPlanner.App - Application started.
2024-06-21 22:27:34,917 [1] INFO  TourPlanner.App - Application exited.
2024-06-21 22:53:39,878 [1] INFO  TourPlanner.App - Application started.
2024-06-21 22:53:54,524 [1] INFO  TourPlanner.App - Application exited.
2024-06-22 02:24:29,802 [1] INFO  TourPlanner.App - Application started.
2024-06-22 02:32:51,467 [1] INFO  TourPlanner.App - Application started.
2024-06-22 02:47:48,392 [1] INFO  TourPlanner.App - Application started.
2024-06-22 02:48:38,604 [1] INFO  TourPlanner.App - Application started.
2024-06-22 02:52:00,420 [1] INFO  TourPlanner.App - Application started.
2024-06-22 02:53:25,486 [1] INFO  TourPlanner.App - Application started.
2024-06-22 02:57:31,279 [1] INFO  TourPlanner.App - Application started.
2024-06-22 03:03:43,893 [1] INFO  TourPlanner.App - Application started.
2024-06-22 03:04:26,660 [1] INFO  TourPlanner.App - Application exited.
2024-06-22 03:08:19,634 [1] INFO  TourPlanner.App - Application started.
2024-06-22 03:10:28,159 [1] INFO  TourPlanner.App - Application started.
2024-06-22 03:21:21,753 [1] INFO  TourPlanner.App - Application started.
2024-06-22 03:21:42,485 [1] INFO  TourPlanner.App - Application exited.
2024-06-22 03:21:47,726 [1] INFO  TourPlanner.App - Application started.
2024-06-22 03:24:35,214 [1] INFO  TourPlanner.App - Application exited.
2024-06-22 03:54:49,515 [1] INFO  TourPlanner.App - Application started.
2024-06-22 03:54:54,025 [1] INFO  TourPlanner.App - Application exited.
2024-06-22 16:12:33,191 [1] INFO  TourPlanner.App - Application started.
2024-06-22 16:17:35,396 [1] INFO  TourPlanner.App - Application started.
2024-06-22 16:19:38,359 [1] INFO  TourPlanner.App - Application exited.
2024-06-22 16:19:43,197 [1] INFO  TourPlanner.App - Application started.
2024-06-22 16:19:58,386 [1] INFO  TourPlanner.App - Application exited.
2024-06-22 19:36:33,213 [1] INFO  TourPlanner.App - Application started.
2024-06-22 19:36:33,979 [1] ERROR TourPlanner.ViewModels.TourListControlViewModel - Error connecting to database.
2024-06-22 19:36:34,039 [1] ERROR TourPlanner.ViewModels.TourListControlViewModel - Error connecting to database.
2024-06-22 19:36:52,028 [1] INFO  TourPlanner.App - Application exited.
2024-06-22 19:38:24,897 [1] INFO  TourPlanner.App - Application started.
2024-06-22 19:38:25,689 [1] ERROR TourPlanner.ViewModels.TourListControlViewModel - Error connecting to database.
2024-06-22 19:38:25,740 [1] ERROR TourPlanner.ViewModels.TourListControlViewModel - Error connecting to database.
2024-06-22 19:38:33,352 [1] INFO  TourPlanner.App - Application exited.
2024-06-22 19:39:43,258 [1] INFO  TourPlanner.App - Application started.
2024-06-22 19:40:19,303 [1] ERROR TourPlanner.ViewModels.TourListControlViewModel - Error connecting to database.
2024-06-22 19:40:32,687 [1] ERROR TourPlanner.ViewModels.TourListControlViewModel - Error connecting to database.
2024-06-22 19:40:36,835 [1] INFO  TourPlanner.App - Application exited.
2024-06-22 19:41:16,416 [1] INFO  TourPlanner.App - Application started.
2024-06-22 19:41:21,930 [1] ERROR TourPlanner.ViewModels.TourListControlViewModel - Error connecting to database.
2024-06-22 19:41:25,071 [1] ERROR TourPlanner.ViewModels.TourListControlViewModel - Error connecting to database.
2024-06-22 19:41:28,909 [1] INFO  TourPlanner.App - Application exited.
2024-06-22 19:45:03,451 [1] INFO  TourPlanner.App - Application started.
2024-06-22 19:45:10,333 [1] ERROR TourPlanner.ViewModels.TourListControlViewModel - Error connecting to database.
2024-06-22 19:45:21,934 [1] ERROR TourPlanner.ViewModels.TourListControlViewModel - Error connecting to database.
2024-06-22 19:45:25,454 [1] INFO  TourPlanner.App - Application exited.
2024-06-22 19:48:19,049 [1] INFO  TourPlanner.App - Application started.
2024-06-22 19:48:25,715 [1] ERROR TourPlanner.ViewModels.TourListControlViewModel - Error connecting to database.
2024-06-22 19:48:28,624 [1] ERROR TourPlanner.ViewModels.TourListControlViewModel - Error connecting to database.
2024-06-22 19:48:32,558 [1] INFO  TourPlanner.App - Application exited.
2024-06-22 19:49:41,618 [1] INFO  TourPlanner.App - Application started.
2024-06-22 19:53:33,278 [1] INFO  TourPlanner.App - Application started.
2024-06-22 19:53:36,793 [1] ERROR TourPlanner.ViewModels.TourListControlViewModel - Error connecting to database.
2024-06-22 19:53:38,911 [1] ERROR TourPlanner.ViewModels.TourListControlViewModel - Error connecting to database.
2024-06-22 19:53:42,335 [1] INFO  TourPlanner.App - Application exited.
2024-06-22 19:56:26,413 [1] INFO  TourPlanner.App - Application started.
2024-06-22 19:56:29,684 [1] ERROR TourPlanner.ViewModels.TourListControlViewModel - Error connecting to database.
2024-06-22 19:56:31,429 [1] ERROR TourPlanner.ViewModels.TourListControlViewModel - Error connecting to database.
2024-06-22 19:56:34,228 [1] INFO  TourPlanner.App - Application exited.
2024-06-22 20:01:56,749 [1] INFO  TourPlanner.App - Application started.
2024-06-22 20:02:00,315 [1] ERROR TourPlanner.ViewModels.TourListControlViewModel - Error connecting to database.
2024-06-22 20:09:48,811 [1] INFO  TourPlanner.App - Application started.
2024-06-22 20:09:52,840 [1] ERROR TourPlanner.ViewModels.TourListControlViewModel - Error connecting to database.
2024-06-22 20:09:54,653 [1] ERROR TourPlanner.ViewModels.TourListControlViewModel - Error connecting to database.
2024-06-22 20:09:57,349 [1] INFO  TourPlanner.App - Application exited.
2024-06-22 20:10:38,189 [1] INFO  TourPlanner.App - Application started.
2024-06-22 20:10:41,979 [1] ERROR TourPlanner.ViewModels.TourListControlViewModel - Error connecting to database.
2024-06-22 20:10:43,137 [1] ERROR TourPlanner.ViewModels.TourListControlViewModel - Error connecting to database.
2024-06-22 20:10:47,611 [1] INFO  TourPlanner.App - Application exited.
2024-06-22 20:12:29,393 [1] INFO  TourPlanner.App - Application started.
2024-06-22 20:23:56,212 [1] INFO  TourPlanner.App - Application started.
2024-06-22 20:26:39,009 [1] INFO  TourPlanner.App - Application exited.
2024-06-22 20:29:39,213 [1] INFO  TourPlanner.App - Application started.
2024-06-22 20:30:18,255 [1] INFO  TourPlanner.App - Application exited.
2024-06-22 20:35:25,853 [1] INFO  TourPlanner.App - Application started.
2024-06-22 20:37:12,692 [1] INFO  TourPlanner.App - Application exited.
2024-06-22 20:38:26,062 [1] INFO  TourPlanner.App - Application started.
2024-06-22 20:39:14,195 [1] INFO  TourPlanner.App - Application exited.
2024-06-22 20:44:09,450 [1] INFO  TourPlanner.App - Application started.
2024-06-22 20:44:30,346 [1] INFO  TourPlanner.App - Application exited.
2024-06-22 21:01:49,621 [1] INFO  TourPlanner.App - Application started.
2024-06-22 21:02:09,540 [1] INFO  TourPlanner.App - Application exited.
2024-06-22 21:10:52,764 [1] INFO  TourPlanner.App - Application started.
2024-06-22 21:20:50,312 [1] INFO  TourPlanner.App - Application started.
2024-06-22 21:21:09,225 [1] INFO  TourPlanner.App - Application exited.
2024-06-22 21:35:19,074 [1] INFO  TourPlanner.App - Application started.
2024-06-22 21:35:41,478 [1] INFO  TourPlanner.App - Application exited.
2024-06-22 21:36:01,110 [1] INFO  TourPlanner.App - Application started.
2024-06-22 21:36:22,475 [1] INFO  TourPlanner.App - Application exited.
2024-06-22 21:49:34,247 [1] INFO  TourPlanner.App - Application started.
2024-06-22 21:50:07,630 [1] INFO  TourPlanner.App - Application exited.
2024-06-22 21:50:27,709 [1] INFO  TourPlanner.App - Application started.
2024-06-22 21:50:59,993 [1] INFO  TourPlanner.App - Application exited.
2024-06-22 21:57:49,722 [1] INFO  TourPlanner.App - Application started.
2024-06-22 21:58:07,787 [1] INFO  TourPlanner.App - Application exited.
2024-06-22 22:01:37,719 [1] INFO  TourPlanner.App - Application started.
2024-06-22 22:02:00,145 [1] INFO  TourPlanner.App - Application exited.
2024-06-22 22:15:09,328 [1] INFO  TourPlanner.App - Application started.
2024-06-22 22:15:22,802 [1] INFO  TourPlanner.App - Application exited.
2024-06-22 22:34:00,737 [1] INFO  TourPlanner.App - Application started.
2024-06-22 22:34:27,737 [1] INFO  TourPlanner.App - Application exited.
2024-06-22 22:43:17,392 [1] INFO  TourPlanner.App - Application started.
2024-06-22 22:43:28,979 [1] INFO  TourPlanner.App - Application exited.
2024-06-22 22:55:57,733 [1] INFO  TourPlanner.App - Application started.
2024-06-22 22:56:19,663 [1] INFO  TourPlanner.App - Application exited.
2024-06-22 23:05:22,229 [1] INFO  TourPlanner.App - Application started.
2024-06-22 23:06:20,422 [1] INFO  TourPlanner.App - Application exited.
2024-06-22 23:19:45,613 [1] INFO  TourPlanner.App - Application started.
2024-06-22 23:19:59,829 [1] INFO  TourPlanner.App - Application exited.
2024-06-22 23:25:40,149 [1] INFO  TourPlanner.App - Application started.
2024-06-22 23:41:25,635 [1] INFO  TourPlanner.App - Application started.
2024-06-22 23:43:18,222 [1] INFO  TourPlanner.App - Application started.
2024-06-22 23:44:04,952 [1] INFO  TourPlanner.App - Application started.
2024-06-22 23:50:14,610 [1] INFO  TourPlanner.App - Application started.
2024-06-22 23:51:29,497 [1] INFO  TourPlanner.App - Application started.
2024-06-23 00:05:41,301 [1] INFO  TourPlanner.App - Application started.
2024-06-23 00:07:58,167 [1] INFO  TourPlanner.App - Application started.
2024-06-23 00:10:51,144 [1] INFO  TourPlanner.App - Application started.
2024-06-23 00:11:14,189 [1] INFO  TourPlanner.App - Application exited.
2024-06-23 00:11:50,488 [1] INFO  TourPlanner.App - Application started.
2024-06-23 00:15:14,033 [1] INFO  TourPlanner.App - Application started.
2024-06-23 00:19:21,524 [1] INFO  TourPlanner.App - Application started.
2024-06-23 00:20:12,186 [1] INFO  TourPlanner.App - Application exited.
2024-06-23 00:28:25,622 [1] INFO  TourPlanner.App - Application started.
2024-06-23 00:30:55,513 [1] INFO  TourPlanner.App - Application exited.
2024-06-23 00:31:00,981 [1] INFO  TourPlanner.App - Application started.
2024-06-23 00:31:08,253 [1] INFO  TourPlanner.App - Application exited.
2024-06-23 00:38:03,774 [1] INFO  TourPlanner.App - Application started.
2024-06-23 00:40:55,833 [1] INFO  TourPlanner.App - Application exited.
2024-06-23 02:16:23,438 [1] INFO  TourPlanner.App - Application started.
2024-06-23 02:19:17,627 [1] INFO  TourPlanner.App - Application exited.
2024-06-23 02:21:47,430 [1] INFO  TourPlanner.App - Application started.
2024-06-23 02:22:15,011 [1] INFO  TourPlanner.App - Application exited.
2024-06-23 02:22:54,466 [1] INFO  TourPlanner.App - Application started.
2024-06-23 02:23:29,069 [1] INFO  TourPlanner.App - Application exited.
2024-06-23 03:56:23,265 [1] INFO  TourPlanner.App - Application started.
2024-06-23 04:00:01,243 [1] INFO  TourPlanner.App - Application started.
2024-06-23 04:01:48,306 [1] INFO  TourPlanner.App - Application started.
2024-06-23 04:03:46,555 [1] INFO  TourPlanner.App - Application started.
2024-06-23 04:04:20,260 [1] INFO  TourPlanner.App - Application started.
2024-06-23 04:06:57,518 [1] INFO  TourPlanner.App - Application started.
2024-06-23 04:07:58,828 [1] INFO  TourPlanner.App - Application started.
2024-06-23 04:11:11,816 [1] INFO  TourPlanner.App - Application started.
2024-06-23 04:13:29,106 [1] INFO  TourPlanner.App - Application started.
2024-06-23 04:14:41,177 [1] INFO  TourPlanner.App - Application started.
2024-06-23 04:15:32,318 [1] INFO  TourPlanner.App - Application started.
2024-06-23 04:16:17,627 [1] INFO  TourPlanner.App - Application started.
2024-06-23 04:19:00,658 [1] INFO  TourPlanner.App - Application started.
2024-06-23 04:27:12,077 [1] INFO  TourPlanner.App - Application started.
2024-06-23 04:28:01,826 [1] INFO  TourPlanner.App - Application started.
2024-06-23 04:29:18,669 [1] INFO  TourPlanner.App - Application exited.
2024-06-23 04:29:36,823 [1] INFO  TourPlanner.App - Application started.
2024-06-23 04:41:49,043 [1] INFO  TourPlanner.App - Application started.
2024-06-23 04:43:03,568 [1] INFO  TourPlanner.App - Application exited.
2024-06-23 04:45:01,767 [1] INFO  TourPlanner.App - Application started.
2024-06-23 04:47:47,426 [1] INFO  TourPlanner.App - Application started.
2024-06-23 04:47:59,452 [1] INFO  TourPlanner.App - Application exited.
2024-06-23 04:53:19,853 [1] INFO  TourPlanner.App - Application started.
2024-06-23 04:56:09,735 [1] INFO  TourPlanner.App - Application started.
2024-06-23 05:02:13,700 [1] INFO  TourPlanner.App - Application started.
2024-06-23 05:02:36,086 [1] INFO  TourPlanner.App - Application exited.
2024-06-23 05:07:15,433 [1] INFO  TourPlanner.App - Application started.
2024-06-23 05:08:03,067 [1] INFO  TourPlanner.App - Application exited.
2024-06-23 05:09:59,052 [1] INFO  TourPlanner.App - Application started.
2024-06-23 05:11:11,325 [1] INFO  TourPlanner.App - Application exited.
2024-06-23 05:11:22,262 [1] INFO  TourPlanner.App - Application started.
2024-06-23 05:11:40,816 [1] INFO  TourPlanner.App - Application exited.
2024-06-23 05:14:24,206 [1] INFO  TourPlanner.App - Application started.
2024-06-23 05:14:34,670 [1] INFO  TourPlanner.App - Application exited.
2024-06-23 05:19:08,570 [1] INFO  TourPlanner.App - Application started.
2024-06-23 05:19:35,244 [1] INFO  TourPlanner.App - Application exited.
2024-06-23 05:21:38,022 [1] INFO  TourPlanner.App - Application started.
2024-06-23 05:22:14,400 [1] INFO  TourPlanner.App - Application exited.
2024-06-23 05:22:35,507 [1] INFO  TourPlanner.App - Application started.
2024-06-23 05:22:51,419 [1] INFO  TourPlanner.App - Application exited.
2024-06-23 05:23:15,064 [1] INFO  TourPlanner.App - Application started.
2024-06-23 05:23:25,542 [1] INFO  TourPlanner.App - Application exited.
2024-06-23 05:29:42,696 [1] INFO  TourPlanner.App - Application started.
2024-06-23 05:30:31,571 [1] INFO  TourPlanner.App - Application exited.
2024-06-23 05:33:51,670 [1] INFO  TourPlanner.App - Application started.
2024-06-23 05:34:02,058 [1] INFO  TourPlanner.App - Application exited.
2024-06-23 05:34:56,299 [1] INFO  TourPlanner.App - Application started.
2024-06-23 05:35:45,596 [1] INFO  TourPlanner.App - Application exited.
2024-06-23 05:36:02,169 [1] INFO  TourPlanner.App - Application started.
2024-06-23 05:36:23,236 [1] INFO  TourPlanner.App - Application exited.
2024-06-23 05:37:52,161 [1] INFO  TourPlanner.App - Application started.
2024-06-23 05:38:00,776 [1] INFO  TourPlanner.App - Application exited.
2024-06-23 05:38:24,114 [1] INFO  TourPlanner.App - Application started.
2024-06-23 05:38:39,843 [1] INFO  TourPlanner.App - Application exited.
2024-06-23 05:38:44,830 [1] INFO  TourPlanner.App - Application started.
2024-06-23 05:39:00,157 [1] INFO  TourPlanner.App - Application exited.
2024-06-23 05:39:25,736 [1] INFO  TourPlanner.App - Application started.
2024-06-23 05:39:53,108 [1] INFO  TourPlanner.App - Application exited.
2024-06-23 05:41:01,235 [1] INFO  TourPlanner.App - Application started.
2024-06-23 05:41:16,873 [1] INFO  TourPlanner.App - Application exited.
2024-06-23 05:41:31,669 [1] INFO  TourPlanner.App - Application started.
2024-06-23 05:41:57,590 [1] INFO  TourPlanner.App - Application exited.
2024-06-23 05:42:10,247 [1] INFO  TourPlanner.App - Application started.
2024-06-23 05:42:40,073 [1] INFO  TourPlanner.App - Application exited.
2024-06-23 05:43:23,021 [1] INFO  TourPlanner.App - Application started.
2024-06-23 05:43:37,408 [1] INFO  TourPlanner.App - Application exited.
2024-06-23 05:44:36,057 [1] INFO  TourPlanner.App - Application started.
2024-06-23 05:44:54,497 [1] INFO  TourPlanner.App - Application exited.
2024-06-23 05:45:16,230 [1] INFO  TourPlanner.App - Application started.
2024-06-23 05:46:25,713 [1] INFO  TourPlanner.App - Application exited.
2024-06-23 05:50:40,894 [1] INFO  TourPlanner.App - Application started.
2024-06-23 05:50:45,524 [1] INFO  TourPlanner.App - Application exited.
2024-06-23 05:51:11,791 [1] INFO  TourPlanner.App - Application started.
2024-06-23 05:51:15,742 [1] INFO  TourPlanner.App - Application exited.
2024-06-23 05:51:29,747 [1] INFO  TourPlanner.App - Application started.
2024-06-23 05:51:33,539 [1] INFO  TourPlanner.App - Application exited.
2024-06-23 05:52:49,046 [1] INFO  TourPlanner.App - Application started.
2024-06-23 05:52:53,455 [1] INFO  TourPlanner.App - Application exited.
2024-06-23 05:55:21,154 [1] INFO  TourPlanner.App - Application started.
2024-06-23 05:55:29,124 [1] INFO  TourPlanner.App - Application exited.
2024-06-23 05:55:44,092 [1] INFO  TourPlanner.App - Application started.
2024-06-23 05:55:50,789 [1] INFO  TourPlanner.App - Application exited.
2024-06-23 05:56:10,058 [1] INFO  TourPlanner.App - Application started.
2024-06-23 05:56:15,907 [1] INFO  TourPlanner.App - Application exited.
2024-06-23 05:56:29,567 [1] INFO  TourPlanner.App - Application started.
2024-06-23 05:56:39,242 [1] INFO  TourPlanner.App - Application exited.
2024-06-23 05:56:52,673 [1] INFO  TourPlanner.App - Application started.
2024-06-23 05:57:04,351 [1] INFO  TourPlanner.App - Application exited.
2024-06-23 05:57:16,188 [1] INFO  TourPlanner.App - Application started.
2024-06-23 05:57:59,743 [1] INFO  TourPlanner.App - Application exited.
2024-06-23 05:58:09,017 [1] INFO  TourPlanner.App - Application started.
2024-06-23 05:58:15,351 [1] INFO  TourPlanner.App - Application exited.
2024-06-23 05:58:27,802 [1] INFO  TourPlanner.App - Application started.
2024-06-23 05:58:34,813 [1] INFO  TourPlanner.App - Application exited.
2024-06-23 05:58:48,228 [1] INFO  TourPlanner.App - Application started.
2024-06-23 05:59:02,019 [1] INFO  TourPlanner.App - Application exited.
2024-06-23 05:59:14,736 [1] INFO  TourPlanner.App - Application started.
2024-06-23 05:59:52,049 [1] INFO  TourPlanner.App - Application exited.
2024-06-23 05:59:58,336 [1] INFO  TourPlanner.App - Application started.
2024-06-23 06:00:29,399 [1] INFO  TourPlanner.App - Application exited.
2024-06-23 06:00:35,585 [1] INFO  TourPlanner.App - Application started.
2024-06-23 06:00:54,726 [1] INFO  TourPlanner.App - Application exited.
2024-06-23 06:04:27,751 [1] INFO  TourPlanner.App - Application started.
2024-06-23 06:05:00,955 [1] INFO  TourPlanner.App - Application exited.
2024-06-23 06:05:41,544 [1] INFO  TourPlanner.App - Application started.
2024-06-23 06:06:59,950 [1] INFO  TourPlanner.App - Application exited.
2024-06-23 06:09:12,703 [1] INFO  TourPlanner.App - Application started.
2024-06-23 06:09:53,360 [1] INFO  TourPlanner.App - Application exited.
2024-06-23 06:11:36,084 [1] INFO  TourPlanner.App - Application started.
2024-06-23 06:11:52,734 [1] INFO  TourPlanner.App - Application exited.
2024-06-23 06:13:36,911 [1] INFO  TourPlanner.App - Application started.
2024-06-23 06:14:19,285 [1] INFO  TourPlanner.App - Application exited.
2024-06-23 06:15:14,491 [1] INFO  TourPlanner.App - Application started.
2024-06-23 06:15:56,967 [1] INFO  TourPlanner.App - Application exited.
2024-06-23 06:16:38,856 [1] INFO  TourPlanner.App - Application started.
2024-06-23 06:16:51,422 [1] INFO  TourPlanner.App - Application exited.
2024-06-23 06:21:09,089 [1] INFO  TourPlanner.App - Application started.
2024-06-23 06:21:23,864 [1] INFO  TourPlanner.App - Application exited.
2024-06-23 06:22:35,881 [1] INFO  TourPlanner.App - Application started.
2024-06-23 06:22:41,605 [1] INFO  TourPlanner.App - Application exited.
2024-06-23 06:23:03,537 [1] INFO  TourPlanner.App - Application started.
2024-06-23 06:23:09,844 [1] INFO  TourPlanner.App - Application exited.
2024-06-23 06:25:22,892 [1] INFO  TourPlanner.App - Application started.
2024-06-23 06:26:57,397 [1] INFO  TourPlanner.App - Application exited.
2024-06-23 06:27:10,079 [1] INFO  TourPlanner.App - Application started.
2024-06-23 06:27:58,707 [1] INFO  TourPlanner.App - Application exited.
2024-06-23 06:28:03,599 [1] INFO  TourPlanner.App - Application started.
2024-06-23 06:28:27,131 [1] INFO  TourPlanner.App - Application exited.
2024-06-23 06:31:52,338 [1] INFO  TourPlanner.App - Application started.
2024-06-23 06:36:32,504 [1] INFO  TourPlanner.App - Application exited.
2024-06-23 15:09:19,665 [1] INFO  TourPlanner.App - Application started.
2024-06-23 15:09:45,962 [1] ERROR TourPlanner.ViewModels.TourListControlViewModel - Error connecting to database.
2024-06-23 15:09:56,077 [1] INFO  TourPlanner.App - Application exited.
2024-06-23 15:14:00,940 [1] INFO  TourPlanner.App - Application started.
2024-06-23 15:14:25,758 [1] ERROR TourPlanner.ViewModels.TourListControlViewModel - Error connecting to database.
2024-06-23 15:14:32,574 [1] INFO  TourPlanner.App - Application exited.
2024-06-23 15:15:37,712 [1] INFO  TourPlanner.App - Application started.
2024-06-23 15:16:56,933 [1] ERROR TourPlanner.ViewModels.TourListControlViewModel - Error connecting to database.
2024-06-23 15:17:03,329 [1] INFO  TourPlanner.App - Application exited.
2024-06-23 15:26:21,341 [1] INFO  TourPlanner.App - Application started.
2024-06-23 15:26:55,239 [1] ERROR TourPlanner.ViewModels.TourListControlViewModel - Error connecting to database.
2024-06-23 15:27:07,267 [1] INFO  TourPlanner.App - Application exited.
2024-06-23 15:27:12,718 [1] INFO  TourPlanner.App - Application started.
2024-06-23 15:27:21,525 [1] INFO  TourPlanner.App - Application exited.
2024-06-23 15:32:00,114 [1] INFO  TourPlanner.App - Application started.
2024-06-23 15:33:32,418 [1] INFO  TourPlanner.App - Application started.
2024-06-23 15:34:03,235 [1] ERROR TourPlanner.ViewModels.TourListControlViewModel - Error connecting to database.
2024-06-23 15:35:07,354 [1] INFO  TourPlanner.App - Application started.
2024-06-23 15:35:24,978 [1] ERROR TourPlanner.ViewModels.TourListControlViewModel - Error connecting to database.
2024-06-23 15:35:43,664 [1] INFO  TourPlanner.App - Application exited.
2024-06-23 15:38:08,481 [1] INFO  TourPlanner.App - Application started.
2024-06-23 15:38:10,183 [1] ERROR TourPlanner.ViewModels.TourListControlViewModel - Error connecting to database.
2024-06-23 15:38:10,183 [1] ERROR TourPlanner.ViewModels.TourListControlViewModel - Error connecting to database.
2024-06-23 15:38:13,167 [1] INFO  TourPlanner.App - Application exited.
2024-06-23 15:39:53,414 [1] INFO  TourPlanner.App - Application started.
2024-06-23 15:39:55,113 [1] ERROR TourPlanner.ViewModels.TourListControlViewModel - Error connecting to database.
2024-06-23 15:39:55,113 [1] ERROR TourPlanner.ViewModels.TourListControlViewModel - Error connecting to database.
2024-06-23 15:40:00,066 [1] INFO  TourPlanner.App - Application exited.
2024-06-23 15:42:30,020 [1] INFO  TourPlanner.App - Application started.
2024-06-23 15:42:45,589 [1] ERROR TourPlanner.ViewModels.TourListControlViewModel - Error connecting to database.
2024-06-23 15:42:56,145 [1] ERROR TourPlanner.ViewModels.TourListControlViewModel - Error connecting to database.
2024-06-23 15:43:04,875 [1] INFO  TourPlanner.App - Application exited.
2024-06-23 15:49:38,940 [1] INFO  TourPlanner.App - Application started.
2024-06-23 15:49:46,470 [1] INFO  TourPlanner.App - Application exited.
2024-06-23 15:50:18,685 [1] INFO  TourPlanner.App - Application started.
2024-06-23 15:53:21,210 [1] INFO  TourPlanner.App - Application started.
2024-06-23 15:54:02,361 [1] ERROR TourPlanner.ViewModels.TourListControlViewModel - Error connecting to database.
2024-06-23 15:54:49,983 [1] INFO  TourPlanner.App - Application started.
2024-06-23 15:55:05,602 [1] ERROR TourPlanner.ViewModels.TourListControlViewModel - Error connecting to database.
2024-06-23 15:55:10,199 [1] INFO  TourPlanner.App - Application exited.
2024-06-23 15:55:15,884 [1] INFO  TourPlanner.App - Application started.
2024-06-23 15:55:22,412 [1] INFO  TourPlanner.App - Application exited.
2024-06-23 15:57:38,297 [1] INFO  TourPlanner.App - Application started.
2024-06-23 15:58:00,677 [1] INFO  TourPlanner.App - Application exited.
2024-06-23 15:59:23,394 [1] INFO  TourPlanner.App - Application started.
2024-06-23 16:04:55,386 [1] INFO  TourPlanner.App - Application exited.
2024-06-23 16:05:00,042 [1] INFO  TourPlanner.App - Application started.
2024-06-23 16:05:06,447 [1] INFO  TourPlanner.App - Application exited.
2024-06-23 16:06:14,137 [1] INFO  TourPlanner.App - Application started.
2024-06-23 16:08:01,464 [1] INFO  TourPlanner.App - Application started.
2024-06-23 16:09:19,079 [1] INFO  TourPlanner.App - Application started.
2024-06-23 16:10:03,900 [1] ERROR TourPlanner.ViewModels.TourListControlViewModel - Error connecting to database.
2024-06-23 16:10:13,963 [1] INFO  TourPlanner.App - Application exited.
2024-06-23 16:10:19,480 [1] INFO  TourPlanner.App - Application started.
2024-06-23 16:10:30,992 [1] INFO  TourPlanner.App - Application exited.
2024-06-23 16:12:26,501 [1] INFO  TourPlanner.App - Application started.
2024-06-23 16:13:05,014 [1] ERROR TourPlanner.ViewModels.TourListControlViewModel - Error connecting to database.
2024-06-23 16:13:11,233 [1] INFO  TourPlanner.App - Application exited.
2024-06-23 16:13:16,562 [1] INFO  TourPlanner.App - Application started.
2024-06-23 16:13:24,843 [1] INFO  TourPlanner.App - Application exited.
2024-06-23 16:17:20,957 [1] INFO  TourPlanner.App - Application started.
2024-06-23 16:17:34,314 [1] ERROR TourPlanner.ViewModels.TourListControlViewModel - Error connecting to database.
2024-06-23 16:17:49,398 [1] INFO  TourPlanner.App - Application exited.
2024-06-23 16:17:55,234 [1] INFO  TourPlanner.App - Application started.
2024-06-23 16:18:03,432 [1] INFO  TourPlanner.App - Application exited.
2024-06-23 16:25:11,621 [1] INFO  TourPlanner.App - Application started.
2024-06-23 16:25:13,220 [1] ERROR TourPlanner.ViewModels.TourListControlViewModel - Error connecting to database.
2024-06-23 16:25:13,933 [1] ERROR TourPlanner.ViewModels.TourListControlViewModel - Error connecting to database.
2024-06-23 16:25:16,377 [1] INFO  TourPlanner.App - Application exited.
2024-06-23 16:26:05,415 [1] INFO  TourPlanner.App - Application started.
2024-06-23 16:26:21,449 [1] ERROR TourPlanner.ViewModels.TourListControlViewModel - Error connecting to database.
2024-06-23 16:26:33,781 [1] INFO  TourPlanner.App - Application exited.
2024-06-23 16:31:26,621 [1] INFO  TourPlanner.App - Application started.
2024-06-23 16:31:46,409 [1] ERROR TourPlanner.ViewModels.TourListControlViewModel - Error connecting to database.
2024-06-23 16:31:54,747 [1] INFO  TourPlanner.App - Application exited.
2024-06-23 16:33:11,663 [1] INFO  TourPlanner.App - Application started.
2024-06-23 16:37:05,718 [1] INFO  TourPlanner.App - Application started.
2024-06-23 16:37:33,529 [1] INFO  TourPlanner.App - Application started.
2024-06-23 16:41:22,738 [1] INFO  TourPlanner.App - Application exited.
2024-06-23 16:41:28,560 [1] INFO  TourPlanner.App - Application started.
2024-06-23 16:42:05,402 [1] ERROR TourPlanner.ViewModels.TourListControlViewModel - Error connecting to database.
2024-06-23 16:42:21,485 [1] ERROR TourPlanner.ViewModels.TourListControlViewModel - Error connecting to database.
2024-06-23 16:43:28,037 [1] INFO  TourPlanner.App - Application started.
2024-06-23 16:44:47,749 [1] INFO  TourPlanner.App - Application exited.
2024-06-23 18:03:42,290 [1] INFO  TourPlanner.App - Application started.
2024-06-23 18:20:51,687 [1] INFO  TourPlanner.App - Application started.
2024-06-23 18:31:14,720 [1] INFO  TourPlanner.App - Application started.
2024-06-23 18:32:05,713 [1] INFO  TourPlanner.App - Application exited.
2024-06-23 18:32:10,806 [1] INFO  TourPlanner.App - Application started.
2024-06-23 18:32:20,589 [1] INFO  TourPlanner.App - Application exited.
2024-06-23 18:33:29,072 [1] INFO  TourPlanner.App - Application started.
2024-06-23 18:34:07,151 [1] INFO  TourPlanner.App - Application exited.
2024-06-23 18:35:54,214 [1] INFO  TourPlanner.App - Application started.
2024-06-23 18:39:54,077 [1] ERROR TourPlanner.ViewModels.TourListControlViewModel - Error connecting to database.
2024-06-23 18:40:02,740 [1] ERROR TourPlanner.ViewModels.TourListControlViewModel - Error connecting to database.
2024-06-23 18:40:08,547 [1] INFO  TourPlanner.App - Application exited.
2024-06-23 19:23:40,644 [1] INFO  TourPlanner.App - Application started.
2024-06-23 19:24:22,610 [1] ERROR TourPlanner.ViewModels.TourListControlViewModel - Error connecting to database.
2024-06-23 19:24:38,556 [1] INFO  TourPlanner.App - Application exited.
2024-06-23 19:24:43,661 [1] INFO  TourPlanner.App - Application started.
2024-06-23 19:25:40,734 [1] ERROR TourPlanner.ViewModels.TourListControlViewModel - Error connecting to database.
2024-06-23 19:25:44,137 [1] INFO  TourPlanner.App - Application exited.
2024-06-23 19:25:48,647 [1] INFO  TourPlanner.App - Application started.
2024-06-23 19:26:09,308 [1] INFO  TourPlanner.App - Application exited.
2024-06-23 19:56:12,278 [1] INFO  TourPlanner.App - Application started.
2024-06-23 19:56:16,173 [1] INFO  TourPlanner.App - Application exited.
2024-06-23 19:56:44,625 [1] INFO  TourPlanner.App - Application started.
2024-06-23 19:57:56,067 [1] INFO  TourPlanner.App - Application exited.
2024-06-23 20:01:40,375 [1] INFO  TourPlanner.App - Application started.
2024-06-23 20:03:08,513 [1] INFO  TourPlanner.App - Application exited.
2024-06-23 20:08:44,036 [1] INFO  TourPlanner.App - Application started.
2024-06-23 20:09:11,836 [1] INFO  TourPlanner.App - Application exited.
2024-06-23 20:09:30,274 [1] INFO  TourPlanner.App - Application started.
2024-06-23 20:09:49,346 [1] INFO  TourPlanner.App - Application exited.
2024-06-23 20:50:06,365 [1] INFO  TourPlanner.App - Application started.
2024-06-23 20:50:30,091 [1] INFO  TourPlanner.App - Application exited.
2024-06-23 20:53:44,743 [1] INFO  TourPlanner.App - Application started.
2024-06-23 20:54:00,423 [1] INFO  TourPlanner.App - Application exited.
2024-06-23 20:58:44,150 [1] INFO  TourPlanner.App - Application started.
2024-06-23 20:59:15,538 [1] INFO  TourPlanner.App - Application started.
2024-06-23 21:00:50,468 [1] INFO  TourPlanner.App - Application exited.
2024-06-23 21:01:24,056 [1] INFO  TourPlanner.App - Application started.
2024-06-23 21:02:21,399 [1] INFO  TourPlanner.App - Application exited.
2024-06-23 21:26:40,703 [1] INFO  TourPlanner.App - Application started.
2024-06-23 21:29:13,127 [1] INFO  TourPlanner.App - Application started.
2024-06-23 21:30:19,470 [1] INFO  TourPlanner.App - Application exited.
2024-06-23 21:31:00,624 [1] INFO  TourPlanner.App - Application started.
2024-06-23 21:32:37,435 [1] INFO  TourPlanner.App - Application started.
2024-06-23 21:39:32,276 [1] INFO  TourPlanner.App - Application started.
2024-06-23 21:43:32,528 [1] INFO  TourPlanner.App - Application started.
2024-06-23 21:45:12,307 [1] INFO  TourPlanner.App - Application started.
2024-06-23 21:45:53,969 [1] INFO  TourPlanner.App - Application exited.
2024-06-23 21:46:24,665 [1] INFO  TourPlanner.App - Application started.
2024-06-23 21:46:53,989 [1] INFO  TourPlanner.App - Application started.
2024-06-23 21:47:48,679 [1] INFO  TourPlanner.App - Application exited.
2024-06-23 21:53:24,406 [1] INFO  TourPlanner.App - Application started.
2024-06-23 21:54:41,352 [1] INFO  TourPlanner.App - Application exited.
2024-06-23 21:56:43,705 [1] INFO  TourPlanner.App - Application started.
2024-06-23 21:57:57,396 [1] INFO  TourPlanner.App - Application exited.
2024-06-23 22:18:13,112 [1] INFO  TourPlanner.App - Application started.
2024-06-23 22:19:50,318 [1] INFO  TourPlanner.App - Application started.
2024-06-23 22:25:33,757 [1] INFO  TourPlanner.App - Application started.

